<?xml version="1.0" encoding="UTF-8"?>
<testsuite xmlns:xsi="http://www.w3.org/2001/XMLSchema-instance" xsi:noNamespaceSchemaLocation="https://maven.apache.org/surefire/maven-surefire-plugin/xsd/surefire-test-report.xsd" version="3.0.2" name="com.bestinsurance.api.BestInsuranceApiApplicationTests" time="7.437" tests="1" errors="0" skipped="0" failures="0">
  <properties>
[...]
</properties>
  <testcase name="contextLoads" classname="com.bestinsurance.api.BestInsuranceApiApplicationTests" time="2.099">
    <system-out><![CDATA[14:56:18.634 [main] INFO org.springframework.test.context.support.AnnotationConfigContextLoaderUtils -- Could not detect default configuration classes for test class [com.bestinsurance.api.BestInsuranceApiApplicationTests]: BestInsuranceApiApplicationTests does not declare any static, non-private, non-final, nested classes annotated with @Configuration.
14:56:18.800 [main] INFO org.springframework.boot.test.context.SpringBootTestContextBootstrapper -- Found @SpringBootConfiguration com.bestinsurance.api.BestInsuranceApiApplication for test class com.bestinsurance.api.BestInsuranceApiApplicationTests

  .   ____          _            __ _ _
 /\\ / ___'_ __ _ _(_)_ __  __ _ \ \ \ \
( ( )\___ | '_ | '_| | '_ \/ _` | \ \ \ \
 \\/  ___)| |_)| | | | | || (_| |  ) ) ) )
  '  |____| .__|_| |_|_| |_\__, | / / / /
 =========|_|==============|___/=/_/_/_/

 :: Spring Boot ::                (v3.5.4)

2025-08-07T14:56:19.427+03:00  INFO 10296 --- [bestInsuranceApi] [           main] c.b.a.BestInsuranceApiApplicationTests   : Starting BestInsuranceApiApplicationTests using Java 17.0.12 with PID 10296 (started by Flavius in C:\Folders\Informatica\Spring\bestInsuranceApi)
2025-08-07T14:56:19.429+03:00  INFO 10296 --- [bestInsuranceApi] [           main] c.b.a.BestInsuranceApiApplicationTests   : No active profile set, falling back to 1 default profile: "default"
2025-08-07T14:56:21.438+03:00  INFO 10296 --- [bestInsuranceApi] [           main] o.s.v.b.OptionalValidatorFactoryBean     : Failed to set up a Bean Validation provider: jakarta.validation.NoProviderFoundException: Unable to create a Configuration, because no Jakarta Bean Validation provider could be found. Add a provider like Hibernate Validator (RI) to your classpath.
2025-08-07T14:56:23.482+03:00  INFO 10296 --- [bestInsuranceApi] [           main] c.b.a.BestInsuranceApiApplicationTests   : Started BestInsuranceApiApplicationTests in 4.457 seconds (process running for 5.845)
]]></system-out>
  </testcase>
</testsuite>